<?xml version="1.0" encoding="UTF-8"?>
<!-- Generated by org.testng.reporters.JUnitReportReporter -->
<testsuite hostname="Revs_Device" failures="0" tests="1" name="com.datadriven.tealiumdemo.testcases.LoginTest" time="23.693" errors="0" timestamp="2023-08-08T10:52:07 IST" skipped="0">
  <testcase classname="com.datadriven.tealiumdemo.testcases.LoginTest" name="Login" time="23.693"/>
</testsuite> <!-- com.datadriven.tealiumdemo.testcases.LoginTest -->
