<?xml version="1.0" encoding="UTF-8"?>
<!-- Generated by org.testng.reporters.JUnitReportReporter -->
<testsuite hostname="Revs_Device" failures="0" tests="1" name="com.saucelab.Testcases.LoginTest" time="0.853" errors="0" timestamp="2023-08-09T18:41:42 IST" skipped="0">
  <testcase classname="com.saucelab.Testcases.LoginTest" name="Login" time="0.853"/>
</testsuite> <!-- com.saucelab.Testcases.LoginTest -->
