<?xml version="1.0" encoding="UTF-8"?>
<!-- Generated by org.testng.reporters.JUnitReportReporter -->
<testsuite hostname="Revs_Device" failures="0" tests="5" name="com.saucelab.Testcases.LoginTest" time="0.836" errors="0" timestamp="2023-08-13T19:14:00 IST" skipped="0">
  <testcase classname="com.saucelab.Testcases.LoginTest" name="VerifyPageLogo" time="0.025"/>
  <testcase classname="com.saucelab.Testcases.LoginTest" name="VerifyPageTitle" time="0.006"/>
  <testcase classname="com.saucelab.Testcases.LoginTest" name="VerifyLabels" time="0.038"/>
  <testcase classname="com.saucelab.Testcases.LoginTest" name="VerifyPageURL" time="0.004"/>
  <testcase classname="com.saucelab.Testcases.LoginTest" name="Login" time="0.763"/>
</testsuite> <!-- com.saucelab.Testcases.LoginTest -->
