<?xml version="1.0" encoding="UTF-8"?>
<!-- Generated by org.testng.reporters.JUnitReportReporter -->
<testsuite hostname="Revs_Device" failures="0" tests="1" name="com.saucelab.Testcases.YourInformationPageTest" time="0.186" errors="0" timestamp="2023-08-09T18:41:42 IST" skipped="0">
  <testcase classname="com.saucelab.Testcases.YourInformationPageTest" name="yourinformationTest" time="0.186"/>
</testsuite> <!-- com.saucelab.Testcases.YourInformationPageTest -->
