<?xml version="1.0" encoding="UTF-8"?>
<!-- Generated by org.testng.reporters.JUnitReportReporter -->
<testsuite hostname="Revs_Device" failures="0" tests="1" name="com.saucelab.Testcases.OverViewPageTest" time="0.113" errors="0" timestamp="2023-08-09T18:41:42 IST" skipped="0">
  <testcase classname="com.saucelab.Testcases.OverViewPageTest" name="OverviewTest" time="0.113"/>
</testsuite> <!-- com.saucelab.Testcases.OverViewPageTest -->
