<?xml version="1.0" encoding="UTF-8"?>
<!-- Generated by org.testng.reporters.JUnitReportReporter -->
<testsuite hostname="Revs_Device" failures="0" tests="1" name="com.saucelab.Testcases.productPageTest" time="0.134" errors="0" timestamp="2023-08-09T18:41:42 IST" skipped="0">
  <testcase classname="com.saucelab.Testcases.productPageTest" name="AddItemToCartTest" time="0.134"/>
</testsuite> <!-- com.saucelab.Testcases.productPageTest -->
